<?xml version="1.0" encoding="UTF-8"?>
<!-- Generated by org.testng.reporters.JUnitXMLReporter -->
<testsuite ignored="0" hostname="DESKTOP-FVEFBQR" failures="0" tests="3" name="chromeTest" time="20.677" errors="0" timestamp="2021-08-12T11:46:11 IST">
  <testcase classname="myTests.TestngDemo" name="gettitle" time="0.025"/>
  <testcase classname="myTests.TestngDemo" name="login" time="5.184"/>
  <testcase classname="myTests.TestngDemo" name="printtop" time="0.06"/>
</testsuite> <!-- chromeTest -->
