<?xml version="1.0" encoding="UTF-8"?>
<!-- Generated by org.testng.reporters.JUnitXMLReporter -->
<testsuite ignored="0" hostname="DESKTOP-FVEFBQR" failures="0" tests="3" name="firefoxTest" time="21.934" errors="0" timestamp="2021-08-12T11:46:33 IST">
  <testcase classname="myTests.TestngDemo" name="gettitle" time="0.045"/>
  <testcase classname="myTests.TestngDemo" name="login" time="4.721"/>
  <testcase classname="myTests.TestngDemo" name="printtop" time="0.092"/>
</testsuite> <!-- firefoxTest -->
